<?xml version="1.0" encoding="UTF-8"?>
<!-- Generated by org.testng.reporters.JUnitReportReporter -->
<testsuite skipped="0" hostname="DESKTOP-DQ56HI0" name="APIhttpClient.APICallsValidation.validate_PostCall_ObjectMapper" tests="1" failures="0" timestamp="25 Aug 2020 01:23:53 GMT" time="1.267" errors="0">
  <testcase name="validatePostCallJackson" time="1.267" classname="APIhttpClient.APICallsValidation.validate_PostCall_ObjectMapper"/>
</testsuite> <!-- APIhttpClient.APICallsValidation.validate_PostCall_ObjectMapper -->
