<?xml version="1.0" encoding="UTF-8"?>
<!-- Generated by org.testng.reporters.JUnitReportReporter -->
<testsuite skipped="0" hostname="DESKTOP-DQ56HI0" name="APIhttpClient.APICallsValidation.validate_getCall" tests="1" failures="0" timestamp="18 Aug 2020 07:49:17 GMT" time="0.662" errors="0">
  <testcase name="validateGetCall" time="0.662" classname="APIhttpClient.APICallsValidation.validate_getCall"/>
</testsuite> <!-- APIhttpClient.APICallsValidation.validate_getCall -->
