<?xml version="1.0" encoding="UTF-8"?>
<!-- Generated by org.testng.reporters.JUnitReportReporter -->
<testsuite skipped="0" hostname="DESKTOP-DQ56HI0" name="APIhttpClient.TestAPICalls.testAPI_deleteCall" tests="1" failures="0" timestamp="25 Aug 2020 04:48:49 GMT" time="0.548" errors="0">
  <testcase name="testDeleteCall" time="0.548" classname="APIhttpClient.TestAPICalls.testAPI_deleteCall"/>
</testsuite> <!-- APIhttpClient.TestAPICalls.testAPI_deleteCall -->
