<?xml version="1.0" encoding="UTF-8"?>
<!-- Generated by org.testng.reporters.JUnitReportReporter -->
<testsuite skipped="0" hostname="DESKTOP-DQ56HI0" name="APIhttpClient.APICallsValidation.validate_postCall" tests="1" failures="0" timestamp="25 Aug 2020 01:20:29 GMT" time="0.648" errors="0">
  <testcase name="postCall" time="0.648" classname="APIhttpClient.APICallsValidation.validate_postCall"/>
</testsuite> <!-- APIhttpClient.APICallsValidation.validate_postCall -->
